2020-08-09 13:42:49 INFO [org.springframework.boot.StartupInfoLogger:55] Starting Runner on DESKTOP-GFQK7UA with PID 6168 (C:\Users\Administrator\BaseSpringBoot\target\classes started by Administrator in C:\Users\Administrator\BaseSpringBoot)
2020-08-09 13:42:49 INFO [org.springframework.boot.SpringApplication:651] No active profile set, falling back to default profiles: default
2020-08-09 13:42:51 INFO [org.apache.juli.logging.DirectJDKLog:173] Initializing ProtocolHandler ["http-nio-8080"]
2020-08-09 13:42:51 INFO [org.apache.juli.logging.DirectJDKLog:173] Starting service [Tomcat]
2020-08-09 13:42:51 INFO [org.apache.juli.logging.DirectJDKLog:173] Starting Servlet engine: [Apache Tomcat/9.0.35]
2020-08-09 13:42:51 INFO [org.apache.juli.logging.DirectJDKLog:173] Initializing Spring embedded WebApplicationContext
2020-08-09 13:42:52 INFO [org.apache.juli.logging.DirectJDKLog:173] Starting ProtocolHandler ["http-nio-8080"]
2020-08-09 13:42:52 INFO [org.springframework.boot.StartupInfoLogger:61] Started Runner in 3.296 seconds (JVM running for 4.455)
2020-08-09 13:43:04 INFO [org.apache.juli.logging.DirectJDKLog:173] Initializing Spring DispatcherServlet 'dispatcherServlet'
2020-08-09 13:44:29 INFO [org.springframework.boot.StartupInfoLogger:55] Starting Runner on DESKTOP-GFQK7UA with PID 6576 (C:\Users\Administrator\BaseSpringBoot\target\classes started by Administrator in C:\Users\Administrator\BaseSpringBoot)
2020-08-09 13:44:29 INFO [org.springframework.boot.SpringApplication:651] No active profile set, falling back to default profiles: default
2020-08-09 13:44:31 INFO [org.apache.juli.logging.DirectJDKLog:173] Initializing ProtocolHandler ["http-nio-8080"]
2020-08-09 13:44:31 INFO [org.apache.juli.logging.DirectJDKLog:173] Starting service [Tomcat]
2020-08-09 13:44:31 INFO [org.apache.juli.logging.DirectJDKLog:173] Starting Servlet engine: [Apache Tomcat/9.0.35]
2020-08-09 13:44:31 INFO [org.apache.juli.logging.DirectJDKLog:173] Initializing Spring embedded WebApplicationContext
2020-08-09 13:44:31 INFO [org.apache.juli.logging.DirectJDKLog:173] Starting ProtocolHandler ["http-nio-8080"]
2020-08-09 13:44:31 INFO [org.springframework.boot.StartupInfoLogger:61] Started Runner in 2.871 seconds (JVM running for 4.276)
2020-08-09 13:45:33 INFO [org.apache.juli.logging.DirectJDKLog:173] Initializing Spring DispatcherServlet 'dispatcherServlet'
2020-08-09 13:49:41 INFO [org.springframework.boot.StartupInfoLogger:55] Starting Runner on DESKTOP-GFQK7UA with PID 8964 (C:\Users\Administrator\BaseSpringBoot\target\classes started by Administrator in C:\Users\Administrator\BaseSpringBoot)
2020-08-09 13:49:41 INFO [org.springframework.boot.SpringApplication:651] No active profile set, falling back to default profiles: default
2020-08-09 13:49:42 INFO [org.apache.juli.logging.DirectJDKLog:173] Initializing ProtocolHandler ["http-nio-8080"]
2020-08-09 13:49:42 INFO [org.apache.juli.logging.DirectJDKLog:173] Starting service [Tomcat]
2020-08-09 13:49:42 INFO [org.apache.juli.logging.DirectJDKLog:173] Starting Servlet engine: [Apache Tomcat/9.0.35]
2020-08-09 13:49:42 INFO [org.apache.juli.logging.DirectJDKLog:173] Initializing Spring embedded WebApplicationContext
2020-08-09 13:49:43 INFO [org.apache.juli.logging.DirectJDKLog:173] Starting ProtocolHandler ["http-nio-8080"]
2020-08-09 13:49:43 INFO [org.springframework.boot.StartupInfoLogger:61] Started Runner in 3.0 seconds (JVM running for 4.399)
2020-08-09 13:49:52 INFO [org.apache.juli.logging.DirectJDKLog:173] Initializing Spring DispatcherServlet 'dispatcherServlet'
2020-08-09 13:50:16 INFO [org.springframework.boot.StartupInfoLogger:55] Starting Runner on DESKTOP-GFQK7UA with PID 18872 (C:\Users\Administrator\BaseSpringBoot\target\classes started by Administrator in C:\Users\Administrator\BaseSpringBoot)
2020-08-09 13:50:16 INFO [org.springframework.boot.SpringApplication:651] No active profile set, falling back to default profiles: default
2020-08-09 13:50:18 INFO [org.apache.juli.logging.DirectJDKLog:173] Initializing ProtocolHandler ["http-nio-8080"]
2020-08-09 13:50:18 INFO [org.apache.juli.logging.DirectJDKLog:173] Starting service [Tomcat]
2020-08-09 13:50:18 INFO [org.apache.juli.logging.DirectJDKLog:173] Starting Servlet engine: [Apache Tomcat/9.0.35]
2020-08-09 13:50:18 INFO [org.apache.juli.logging.DirectJDKLog:173] Initializing Spring embedded WebApplicationContext
2020-08-09 13:50:18 INFO [org.apache.juli.logging.DirectJDKLog:173] Starting ProtocolHandler ["http-nio-8080"]
2020-08-09 13:50:18 INFO [org.springframework.boot.StartupInfoLogger:61] Started Runner in 2.914 seconds (JVM running for 4.36)
2020-08-09 13:51:23 INFO [org.apache.juli.logging.DirectJDKLog:173] Initializing Spring DispatcherServlet 'dispatcherServlet'
2020-08-09 13:52:02 INFO [org.springframework.boot.StartupInfoLogger:55] Starting Runner on DESKTOP-GFQK7UA with PID 12000 (C:\Users\Administrator\BaseSpringBoot\target\classes started by Administrator in C:\Users\Administrator\BaseSpringBoot)
2020-08-09 13:52:02 INFO [org.springframework.boot.SpringApplication:651] No active profile set, falling back to default profiles: default
2020-08-09 13:52:07 INFO [org.apache.juli.logging.DirectJDKLog:173] Initializing ProtocolHandler ["http-nio-8080"]
2020-08-09 13:52:07 INFO [org.apache.juli.logging.DirectJDKLog:173] Starting service [Tomcat]
2020-08-09 13:52:07 INFO [org.apache.juli.logging.DirectJDKLog:173] Starting Servlet engine: [Apache Tomcat/9.0.35]
2020-08-09 13:52:07 INFO [org.apache.juli.logging.DirectJDKLog:173] Initializing Spring embedded WebApplicationContext
2020-08-09 13:52:07 INFO [org.apache.juli.logging.DirectJDKLog:173] Starting ProtocolHandler ["http-nio-8080"]
2020-08-09 13:52:07 INFO [org.springframework.boot.StartupInfoLogger:61] Started Runner in 6.025 seconds (JVM running for 7.065)
2020-08-09 13:52:12 INFO [org.apache.juli.logging.DirectJDKLog:173] Initializing Spring DispatcherServlet 'dispatcherServlet'
2020-08-09 13:55:51 INFO [org.springframework.boot.StartupInfoLogger:55] Starting Runner on DESKTOP-GFQK7UA with PID 12780 (C:\Users\Administrator\BaseSpringBoot\target\classes started by Administrator in C:\Users\Administrator\BaseSpringBoot)
2020-08-09 13:55:51 INFO [org.springframework.boot.SpringApplication:651] No active profile set, falling back to default profiles: default
2020-08-09 13:55:52 INFO [org.apache.juli.logging.DirectJDKLog:173] Initializing ProtocolHandler ["http-nio-8080"]
2020-08-09 13:55:52 INFO [org.apache.juli.logging.DirectJDKLog:173] Starting service [Tomcat]
2020-08-09 13:55:52 INFO [org.apache.juli.logging.DirectJDKLog:173] Starting Servlet engine: [Apache Tomcat/9.0.35]
2020-08-09 13:55:52 INFO [org.apache.juli.logging.DirectJDKLog:173] Initializing Spring embedded WebApplicationContext
2020-08-09 13:55:53 INFO [org.apache.juli.logging.DirectJDKLog:173] Starting ProtocolHandler ["http-nio-8080"]
2020-08-09 13:55:53 INFO [org.springframework.boot.StartupInfoLogger:61] Started Runner in 2.856 seconds (JVM running for 3.978)
2020-08-09 13:56:04 INFO [org.apache.juli.logging.DirectJDKLog:173] Initializing Spring DispatcherServlet 'dispatcherServlet'
2020-08-09 13:56:56 INFO [org.springframework.boot.StartupInfoLogger:55] Starting Runner on DESKTOP-GFQK7UA with PID 13724 (C:\Users\Administrator\BaseSpringBoot\target\classes started by Administrator in C:\Users\Administrator\BaseSpringBoot)
2020-08-09 13:56:56 INFO [org.springframework.boot.SpringApplication:651] No active profile set, falling back to default profiles: default
2020-08-09 13:57:25 INFO [org.springframework.boot.StartupInfoLogger:55] Starting Runner on DESKTOP-GFQK7UA with PID 20628 (C:\Users\Administrator\BaseSpringBoot\target\classes started by Administrator in C:\Users\Administrator\BaseSpringBoot)
2020-08-09 13:57:25 INFO [org.springframework.boot.SpringApplication:651] No active profile set, falling back to default profiles: default
2020-08-09 13:57:26 INFO [org.apache.juli.logging.DirectJDKLog:173] Initializing ProtocolHandler ["http-nio-8080"]
2020-08-09 13:57:26 INFO [org.apache.juli.logging.DirectJDKLog:173] Starting service [Tomcat]
2020-08-09 13:57:26 INFO [org.apache.juli.logging.DirectJDKLog:173] Starting Servlet engine: [Apache Tomcat/9.0.35]
2020-08-09 13:57:26 INFO [org.apache.juli.logging.DirectJDKLog:173] Initializing Spring embedded WebApplicationContext
2020-08-09 13:57:26 INFO [org.apache.juli.logging.DirectJDKLog:173] Starting ProtocolHandler ["http-nio-8080"]
2020-08-09 13:57:26 INFO [org.springframework.boot.StartupInfoLogger:61] Started Runner in 2.334 seconds (JVM running for 3.504)
2020-08-09 13:57:33 INFO [org.apache.juli.logging.DirectJDKLog:173] Initializing Spring DispatcherServlet 'dispatcherServlet'
2020-08-09 13:59:22 INFO [org.springframework.boot.StartupInfoLogger:55] Starting Runner on DESKTOP-GFQK7UA with PID 13864 (C:\Users\Administrator\BaseSpringBoot\target\classes started by Administrator in C:\Users\Administrator\BaseSpringBoot)
2020-08-09 13:59:22 INFO [org.springframework.boot.SpringApplication:651] No active profile set, falling back to default profiles: default
2020-08-09 13:59:23 INFO [org.apache.juli.logging.DirectJDKLog:173] Initializing ProtocolHandler ["http-nio-8080"]
2020-08-09 13:59:23 INFO [org.apache.juli.logging.DirectJDKLog:173] Starting service [Tomcat]
2020-08-09 13:59:23 INFO [org.apache.juli.logging.DirectJDKLog:173] Starting Servlet engine: [Apache Tomcat/9.0.35]
2020-08-09 13:59:24 INFO [org.apache.juli.logging.DirectJDKLog:173] Initializing Spring embedded WebApplicationContext
2020-08-09 13:59:24 INFO [org.apache.juli.logging.DirectJDKLog:173] Starting ProtocolHandler ["http-nio-8080"]
2020-08-09 13:59:24 INFO [org.springframework.boot.StartupInfoLogger:61] Started Runner in 3.157 seconds (JVM running for 4.597)
2020-08-09 14:00:33 INFO [org.springframework.boot.StartupInfoLogger:55] Starting Runner on DESKTOP-GFQK7UA with PID 17744 (C:\Users\Administrator\BaseSpringBoot\target\classes started by Administrator in C:\Users\Administrator\BaseSpringBoot)
2020-08-09 14:00:33 INFO [org.springframework.boot.SpringApplication:651] No active profile set, falling back to default profiles: default
2020-08-09 14:00:34 INFO [org.apache.juli.logging.DirectJDKLog:173] Initializing ProtocolHandler ["http-nio-8080"]
2020-08-09 14:00:34 INFO [org.apache.juli.logging.DirectJDKLog:173] Starting service [Tomcat]
2020-08-09 14:00:34 INFO [org.apache.juli.logging.DirectJDKLog:173] Starting Servlet engine: [Apache Tomcat/9.0.35]
2020-08-09 14:00:34 INFO [org.apache.juli.logging.DirectJDKLog:173] Initializing Spring embedded WebApplicationContext
2020-08-09 14:00:35 INFO [org.apache.juli.logging.DirectJDKLog:173] Starting ProtocolHandler ["http-nio-8080"]
2020-08-09 14:00:35 INFO [org.springframework.boot.StartupInfoLogger:61] Started Runner in 2.746 seconds (JVM running for 3.901)
2020-08-09 14:00:53 INFO [org.apache.juli.logging.DirectJDKLog:173] Initializing Spring DispatcherServlet 'dispatcherServlet'
2020-08-09 14:01:13 INFO [org.springframework.boot.StartupInfoLogger:55] Starting Runner on DESKTOP-GFQK7UA with PID 9052 (C:\Users\Administrator\BaseSpringBoot\target\classes started by Administrator in C:\Users\Administrator\BaseSpringBoot)
2020-08-09 14:01:13 INFO [org.springframework.boot.SpringApplication:651] No active profile set, falling back to default profiles: default
2020-08-09 14:01:14 INFO [org.apache.juli.logging.DirectJDKLog:173] Initializing ProtocolHandler ["http-nio-8080"]
2020-08-09 14:01:14 INFO [org.apache.juli.logging.DirectJDKLog:173] Starting service [Tomcat]
2020-08-09 14:01:14 INFO [org.apache.juli.logging.DirectJDKLog:173] Starting Servlet engine: [Apache Tomcat/9.0.35]
2020-08-09 14:01:15 INFO [org.apache.juli.logging.DirectJDKLog:173] Initializing Spring embedded WebApplicationContext
2020-08-09 14:01:15 INFO [org.apache.juli.logging.DirectJDKLog:173] Starting ProtocolHandler ["http-nio-8080"]
2020-08-09 14:01:15 INFO [org.springframework.boot.StartupInfoLogger:61] Started Runner in 2.829 seconds (JVM running for 4.152)
2020-08-09 14:01:24 INFO [org.apache.juli.logging.DirectJDKLog:173] Initializing Spring DispatcherServlet 'dispatcherServlet'
2020-08-09 14:37:31 INFO [org.springframework.boot.StartupInfoLogger:55] Starting Runner on DESKTOP-GFQK7UA with PID 21920 (C:\Users\Administrator\BaseSpringBoot\target\classes started by Administrator in C:\Users\Administrator\BaseSpringBoot)
2020-08-09 14:37:31 INFO [org.springframework.boot.SpringApplication:651] No active profile set, falling back to default profiles: default
2020-08-09 14:39:10 INFO [org.springframework.boot.StartupInfoLogger:55] Starting Runner on DESKTOP-GFQK7UA with PID 18396 (C:\Users\Administrator\BaseSpringBoot\target\classes started by Administrator in C:\Users\Administrator\BaseSpringBoot)
2020-08-09 14:39:10 INFO [org.springframework.boot.SpringApplication:651] No active profile set, falling back to default profiles: default
2020-08-09 14:39:41 INFO [org.springframework.boot.StartupInfoLogger:55] Starting Runner on DESKTOP-GFQK7UA with PID 6764 (C:\Users\Administrator\BaseSpringBoot\target\classes started by Administrator in C:\Users\Administrator\BaseSpringBoot)
2020-08-09 14:39:41 INFO [org.springframework.boot.SpringApplication:651] No active profile set, falling back to default profiles: default
2020-08-09 14:39:50 INFO [org.apache.juli.logging.DirectJDKLog:173] Initializing ProtocolHandler ["http-nio-8080"]
2020-08-09 14:39:50 INFO [org.apache.juli.logging.DirectJDKLog:173] Starting service [Tomcat]
2020-08-09 14:39:50 INFO [org.apache.juli.logging.DirectJDKLog:173] Starting Servlet engine: [Apache Tomcat/9.0.35]
2020-08-09 14:39:50 INFO [org.apache.juli.logging.DirectJDKLog:173] Initializing Spring embedded WebApplicationContext
2020-08-09 14:39:51 INFO [org.apache.juli.logging.DirectJDKLog:173] Starting ProtocolHandler ["http-nio-8080"]
2020-08-09 14:39:51 INFO [org.springframework.boot.StartupInfoLogger:61] Started Runner in 10.968 seconds (JVM running for 12.154)
2020-08-09 14:39:53 INFO [org.apache.juli.logging.DirectJDKLog:173] Initializing Spring DispatcherServlet 'dispatcherServlet'
2020-08-09 14:41:55 INFO [org.springframework.boot.StartupInfoLogger:55] Starting Runner on DESKTOP-GFQK7UA with PID 1832 (C:\Users\Administrator\BaseSpringBoot\target\classes started by Administrator in C:\Users\Administrator\BaseSpringBoot)
2020-08-09 14:41:55 INFO [org.springframework.boot.SpringApplication:651] No active profile set, falling back to default profiles: default
2020-08-09 14:42:04 INFO [org.apache.juli.logging.DirectJDKLog:173] Initializing ProtocolHandler ["http-nio-8080"]
2020-08-09 14:42:04 INFO [org.apache.juli.logging.DirectJDKLog:173] Starting service [Tomcat]
2020-08-09 14:42:04 INFO [org.apache.juli.logging.DirectJDKLog:173] Starting Servlet engine: [Apache Tomcat/9.0.35]
2020-08-09 14:42:04 INFO [org.apache.juli.logging.DirectJDKLog:173] Initializing Spring embedded WebApplicationContext
2020-08-09 14:42:05 INFO [org.apache.juli.logging.DirectJDKLog:173] Starting ProtocolHandler ["http-nio-8080"]
2020-08-09 14:42:05 INFO [org.springframework.boot.StartupInfoLogger:61] Started Runner in 10.022 seconds (JVM running for 11.126)
2020-08-09 14:42:15 INFO [org.springframework.boot.StartupInfoLogger:55] Starting Runner on DESKTOP-GFQK7UA with PID 13808 (C:\Users\Administrator\BaseSpringBoot\target\classes started by Administrator in C:\Users\Administrator\BaseSpringBoot)
2020-08-09 14:42:15 INFO [org.springframework.boot.SpringApplication:651] No active profile set, falling back to default profiles: default
2020-08-09 14:42:24 INFO [org.apache.juli.logging.DirectJDKLog:173] Initializing ProtocolHandler ["http-nio-8080"]
2020-08-09 14:42:24 INFO [org.apache.juli.logging.DirectJDKLog:173] Starting service [Tomcat]
2020-08-09 14:42:24 INFO [org.apache.juli.logging.DirectJDKLog:173] Starting Servlet engine: [Apache Tomcat/9.0.35]
2020-08-09 14:42:24 INFO [org.apache.juli.logging.DirectJDKLog:173] Initializing Spring embedded WebApplicationContext
2020-08-09 14:42:24 INFO [org.apache.juli.logging.DirectJDKLog:173] Starting ProtocolHandler ["http-nio-8080"]
2020-08-09 14:42:24 INFO [org.springframework.boot.StartupInfoLogger:61] Started Runner in 9.432 seconds (JVM running for 10.734)
2020-08-09 14:42:42 INFO [org.springframework.boot.StartupInfoLogger:55] Starting Runner on DESKTOP-GFQK7UA with PID 19736 (C:\Users\Administrator\BaseSpringBoot\target\classes started by Administrator in C:\Users\Administrator\BaseSpringBoot)
2020-08-09 14:42:42 INFO [org.springframework.boot.SpringApplication:651] No active profile set, falling back to default profiles: default
2020-08-09 14:44:22 INFO [org.springframework.boot.StartupInfoLogger:55] Starting Runner on DESKTOP-GFQK7UA with PID 1256 (C:\Users\Administrator\BaseSpringBoot\target\classes started by Administrator in C:\Users\Administrator\BaseSpringBoot)
2020-08-09 14:44:22 INFO [org.springframework.boot.SpringApplication:651] No active profile set, falling back to default profiles: default
2020-08-09 14:44:30 INFO [org.apache.juli.logging.DirectJDKLog:173] Initializing ProtocolHandler ["http-nio-8080"]
2020-08-09 14:44:30 INFO [org.apache.juli.logging.DirectJDKLog:173] Starting service [Tomcat]
2020-08-09 14:44:30 INFO [org.apache.juli.logging.DirectJDKLog:173] Starting Servlet engine: [Apache Tomcat/9.0.35]
2020-08-09 14:44:30 INFO [org.apache.juli.logging.DirectJDKLog:173] Initializing Spring embedded WebApplicationContext
2020-08-09 14:44:31 INFO [org.apache.juli.logging.DirectJDKLog:173] Starting ProtocolHandler ["http-nio-8080"]
2020-08-09 14:44:31 INFO [org.springframework.boot.StartupInfoLogger:61] Started Runner in 9.505 seconds (JVM running for 10.639)
2020-08-09 14:44:38 INFO [org.apache.juli.logging.DirectJDKLog:173] Initializing Spring DispatcherServlet 'dispatcherServlet'
2020-08-09 14:45:43 INFO [org.springframework.boot.StartupInfoLogger:55] Starting Runner on DESKTOP-GFQK7UA with PID 11944 (C:\Users\Administrator\BaseSpringBoot\target\classes started by Administrator in C:\Users\Administrator\BaseSpringBoot)
2020-08-09 14:45:43 INFO [org.springframework.boot.SpringApplication:651] No active profile set, falling back to default profiles: default
2020-08-09 14:45:49 INFO [org.apache.juli.logging.DirectJDKLog:173] Initializing ProtocolHandler ["http-nio-8080"]
2020-08-09 14:45:49 INFO [org.apache.juli.logging.DirectJDKLog:173] Starting service [Tomcat]
2020-08-09 14:45:49 INFO [org.apache.juli.logging.DirectJDKLog:173] Starting Servlet engine: [Apache Tomcat/9.0.35]
2020-08-09 14:45:49 INFO [org.apache.juli.logging.DirectJDKLog:173] Initializing Spring embedded WebApplicationContext
2020-08-09 14:45:49 INFO [org.apache.juli.logging.DirectJDKLog:173] Starting ProtocolHandler ["http-nio-8080"]
2020-08-09 14:45:50 INFO [org.springframework.boot.StartupInfoLogger:61] Started Runner in 7.173 seconds (JVM running for 8.643)
2020-08-09 14:45:52 INFO [org.apache.juli.logging.DirectJDKLog:173] Initializing Spring DispatcherServlet 'dispatcherServlet'
2020-08-09 14:47:16 INFO [org.springframework.boot.StartupInfoLogger:55] Starting Runner on DESKTOP-GFQK7UA with PID 17032 (C:\Users\Administrator\BaseSpringBoot\target\classes started by Administrator in C:\Users\Administrator\BaseSpringBoot)
2020-08-09 14:47:16 INFO [org.springframework.boot.SpringApplication:651] No active profile set, falling back to default profiles: default
2020-08-09 14:47:36 INFO [org.apache.juli.logging.DirectJDKLog:173] Initializing ProtocolHandler ["http-nio-8080"]
2020-08-09 14:47:36 INFO [org.apache.juli.logging.DirectJDKLog:173] Starting service [Tomcat]
2020-08-09 14:47:36 INFO [org.apache.juli.logging.DirectJDKLog:173] Starting Servlet engine: [Apache Tomcat/9.0.35]
2020-08-09 14:47:36 INFO [org.apache.juli.logging.DirectJDKLog:173] Initializing Spring embedded WebApplicationContext
2020-08-09 14:47:37 INFO [org.apache.juli.logging.DirectJDKLog:173] Starting ProtocolHandler ["http-nio-8080"]
2020-08-09 14:47:37 INFO [org.springframework.boot.StartupInfoLogger:61] Started Runner in 20.871 seconds (JVM running for 21.92)
2020-08-09 15:00:12 INFO [org.springframework.boot.StartupInfoLogger:55] Starting Runner on DESKTOP-GFQK7UA with PID 19268 (C:\Users\Administrator\BaseSpringBoot\target\classes started by Administrator in C:\Users\Administrator\BaseSpringBoot)
2020-08-09 15:00:12 INFO [org.springframework.boot.SpringApplication:651] No active profile set, falling back to default profiles: default
2020-08-09 15:00:14 INFO [org.apache.juli.logging.DirectJDKLog:173] Initializing ProtocolHandler ["http-nio-8080"]
2020-08-09 15:00:14 INFO [org.apache.juli.logging.DirectJDKLog:173] Starting service [Tomcat]
2020-08-09 15:00:14 INFO [org.apache.juli.logging.DirectJDKLog:173] Starting Servlet engine: [Apache Tomcat/9.0.35]
2020-08-09 15:00:14 INFO [org.apache.juli.logging.DirectJDKLog:173] Initializing Spring embedded WebApplicationContext
2020-08-09 15:00:14 INFO [org.apache.juli.logging.DirectJDKLog:173] Starting ProtocolHandler ["http-nio-8080"]
2020-08-09 15:00:15 INFO [org.springframework.boot.StartupInfoLogger:61] Started Runner in 3.216 seconds (JVM running for 4.763)
2020-08-09 15:00:40 INFO [org.apache.juli.logging.DirectJDKLog:173] Initializing Spring DispatcherServlet 'dispatcherServlet'
2020-08-09 15:01:57 INFO [org.springframework.boot.StartupInfoLogger:55] Starting Runner on DESKTOP-GFQK7UA with PID 22084 (C:\Users\Administrator\BaseSpringBoot\target\classes started by Administrator in C:\Users\Administrator\BaseSpringBoot)
2020-08-09 15:01:57 INFO [org.springframework.boot.SpringApplication:651] No active profile set, falling back to default profiles: default
2020-08-09 15:01:58 INFO [org.apache.juli.logging.DirectJDKLog:173] Initializing ProtocolHandler ["http-nio-8080"]
2020-08-09 15:01:58 INFO [org.apache.juli.logging.DirectJDKLog:173] Starting service [Tomcat]
2020-08-09 15:01:58 INFO [org.apache.juli.logging.DirectJDKLog:173] Starting Servlet engine: [Apache Tomcat/9.0.35]
2020-08-09 15:01:59 INFO [org.apache.juli.logging.DirectJDKLog:173] Initializing Spring embedded WebApplicationContext
2020-08-09 15:01:59 INFO [org.apache.juli.logging.DirectJDKLog:173] Starting ProtocolHandler ["http-nio-8080"]
2020-08-09 15:01:59 INFO [org.springframework.boot.StartupInfoLogger:61] Started Runner in 2.464 seconds (JVM running for 3.604)
2020-08-09 15:02:04 INFO [org.apache.juli.logging.DirectJDKLog:173] Initializing Spring DispatcherServlet 'dispatcherServlet'
2020-08-09 15:15:05 INFO [org.springframework.boot.StartupInfoLogger:55] Starting Runner on DESKTOP-GFQK7UA with PID 14796 (C:\Users\Administrator\BaseSpringBoot\target\classes started by Administrator in C:\Users\Administrator\BaseSpringBoot)
2020-08-09 15:15:05 INFO [org.springframework.boot.SpringApplication:651] No active profile set, falling back to default profiles: default
2020-08-09 15:15:07 INFO [org.apache.juli.logging.DirectJDKLog:173] Initializing ProtocolHandler ["http-nio-8080"]
2020-08-09 15:15:07 INFO [org.apache.juli.logging.DirectJDKLog:173] Starting service [Tomcat]
2020-08-09 15:15:07 INFO [org.apache.juli.logging.DirectJDKLog:173] Starting Servlet engine: [Apache Tomcat/9.0.35]
2020-08-09 15:15:07 INFO [org.apache.juli.logging.DirectJDKLog:173] Initializing Spring embedded WebApplicationContext
2020-08-09 15:15:07 INFO [org.apache.juli.logging.DirectJDKLog:173] Starting ProtocolHandler ["http-nio-8080"]
2020-08-09 15:15:07 INFO [org.springframework.boot.StartupInfoLogger:61] Started Runner in 2.509 seconds (JVM running for 3.725)
2020-08-09 15:15:12 INFO [org.apache.juli.logging.DirectJDKLog:173] Initializing Spring DispatcherServlet 'dispatcherServlet'
2020-08-09 15:16:26 INFO [org.springframework.boot.StartupInfoLogger:55] Starting Runner on DESKTOP-GFQK7UA with PID 18128 (C:\Users\Administrator\BaseSpringBoot\target\classes started by Administrator in C:\Users\Administrator\BaseSpringBoot)
2020-08-09 15:16:26 INFO [org.springframework.boot.SpringApplication:651] No active profile set, falling back to default profiles: default
2020-08-09 15:16:27 INFO [org.apache.juli.logging.DirectJDKLog:173] Initializing ProtocolHandler ["http-nio-8080"]
2020-08-09 15:16:27 INFO [org.apache.juli.logging.DirectJDKLog:173] Starting service [Tomcat]
2020-08-09 15:16:27 INFO [org.apache.juli.logging.DirectJDKLog:173] Starting Servlet engine: [Apache Tomcat/9.0.35]
2020-08-09 15:16:27 INFO [org.apache.juli.logging.DirectJDKLog:173] Initializing Spring embedded WebApplicationContext
2020-08-09 15:16:27 INFO [org.apache.juli.logging.DirectJDKLog:173] Starting ProtocolHandler ["http-nio-8080"]
2020-08-09 15:16:27 INFO [org.springframework.boot.StartupInfoLogger:61] Started Runner in 2.542 seconds (JVM running for 3.673)
2020-08-09 15:16:35 INFO [org.apache.juli.logging.DirectJDKLog:173] Initializing Spring DispatcherServlet 'dispatcherServlet'
2020-08-09 15:23:28 INFO [org.springframework.boot.StartupInfoLogger:55] Starting Runner on DESKTOP-GFQK7UA with PID 16404 (C:\Users\Administrator\BaseSpringBoot\target\classes started by Administrator in C:\Users\Administrator\BaseSpringBoot)
2020-08-09 15:23:28 INFO [org.springframework.boot.SpringApplication:651] No active profile set, falling back to default profiles: default
2020-08-09 15:23:29 INFO [org.apache.juli.logging.DirectJDKLog:173] Initializing ProtocolHandler ["http-nio-8080"]
2020-08-09 15:23:29 INFO [org.apache.juli.logging.DirectJDKLog:173] Starting service [Tomcat]
2020-08-09 15:23:29 INFO [org.apache.juli.logging.DirectJDKLog:173] Starting Servlet engine: [Apache Tomcat/9.0.35]
2020-08-09 15:23:29 INFO [org.apache.juli.logging.DirectJDKLog:173] Initializing Spring embedded WebApplicationContext
2020-08-09 15:23:30 INFO [org.apache.juli.logging.DirectJDKLog:173] Starting ProtocolHandler ["http-nio-8080"]
2020-08-09 15:23:30 INFO [org.springframework.boot.StartupInfoLogger:61] Started Runner in 1.939 seconds (JVM running for 2.822)
2020-08-09 15:23:37 INFO [org.apache.juli.logging.DirectJDKLog:173] Initializing Spring DispatcherServlet 'dispatcherServlet'
2020-08-09 15:24:17 INFO [org.springframework.boot.StartupInfoLogger:55] Starting Runner on DESKTOP-GFQK7UA with PID 22520 (C:\Users\Administrator\BaseSpringBoot\target\classes started by Administrator in C:\Users\Administrator\BaseSpringBoot)
2020-08-09 15:24:17 INFO [org.springframework.boot.SpringApplication:651] No active profile set, falling back to default profiles: default
2020-08-09 15:24:18 INFO [org.apache.juli.logging.DirectJDKLog:173] Initializing ProtocolHandler ["http-nio-8080"]
2020-08-09 15:24:18 INFO [org.apache.juli.logging.DirectJDKLog:173] Starting service [Tomcat]
2020-08-09 15:24:18 INFO [org.apache.juli.logging.DirectJDKLog:173] Starting Servlet engine: [Apache Tomcat/9.0.35]
2020-08-09 15:24:18 INFO [org.apache.juli.logging.DirectJDKLog:173] Initializing Spring embedded WebApplicationContext
2020-08-09 15:24:19 INFO [org.apache.juli.logging.DirectJDKLog:173] Starting ProtocolHandler ["http-nio-8080"]
2020-08-09 15:24:19 INFO [org.springframework.boot.StartupInfoLogger:61] Started Runner in 2.269 seconds (JVM running for 3.153)
2020-08-09 15:24:25 INFO [org.apache.juli.logging.DirectJDKLog:173] Initializing Spring DispatcherServlet 'dispatcherServlet'
2020-08-09 15:32:31 INFO [org.springframework.boot.StartupInfoLogger:55] Starting Runner on DESKTOP-GFQK7UA with PID 19752 (C:\Users\Administrator\BaseSpringBoot\target\classes started by Administrator in C:\Users\Administrator\BaseSpringBoot)
2020-08-09 15:32:31 INFO [org.springframework.boot.SpringApplication:651] No active profile set, falling back to default profiles: default
2020-08-09 15:33:52 INFO [org.springframework.boot.StartupInfoLogger:55] Starting Runner on DESKTOP-GFQK7UA with PID 19700 (C:\Users\Administrator\BaseSpringBoot\target\classes started by Administrator in C:\Users\Administrator\BaseSpringBoot)
2020-08-09 15:33:52 INFO [org.springframework.boot.SpringApplication:651] No active profile set, falling back to default profiles: default
2020-08-09 15:34:08 INFO [org.springframework.boot.StartupInfoLogger:55] Starting Runner on DESKTOP-GFQK7UA with PID 20828 (C:\Users\Administrator\BaseSpringBoot\target\classes started by Administrator in C:\Users\Administrator\BaseSpringBoot)
2020-08-09 15:34:08 INFO [org.springframework.boot.SpringApplication:651] No active profile set, falling back to default profiles: default
2020-08-09 15:34:45 INFO [org.springframework.boot.StartupInfoLogger:55] Starting Runner on DESKTOP-GFQK7UA with PID 1660 (C:\Users\Administrator\BaseSpringBoot\target\classes started by Administrator in C:\Users\Administrator\BaseSpringBoot)
2020-08-09 15:34:45 INFO [org.springframework.boot.SpringApplication:651] No active profile set, falling back to default profiles: default
2020-08-09 15:34:46 INFO [org.apache.juli.logging.DirectJDKLog:173] Initializing ProtocolHandler ["http-nio-8080"]
2020-08-09 15:34:46 INFO [org.apache.juli.logging.DirectJDKLog:173] Starting service [Tomcat]
2020-08-09 15:34:46 INFO [org.apache.juli.logging.DirectJDKLog:173] Starting Servlet engine: [Apache Tomcat/9.0.35]
2020-08-09 15:34:47 INFO [org.apache.juli.logging.DirectJDKLog:173] Initializing Spring embedded WebApplicationContext
2020-08-09 15:34:47 INFO [org.apache.juli.logging.DirectJDKLog:173] Starting ProtocolHandler ["http-nio-8080"]
2020-08-09 15:34:47 INFO [org.springframework.boot.StartupInfoLogger:61] Started Runner in 2.555 seconds (JVM running for 3.44)
2020-08-09 15:34:51 INFO [org.apache.juli.logging.DirectJDKLog:173] Initializing Spring DispatcherServlet 'dispatcherServlet'
2020-08-09 15:35:25 INFO [org.springframework.boot.StartupInfoLogger:55] Starting Runner on DESKTOP-GFQK7UA with PID 19544 (C:\Users\Administrator\BaseSpringBoot\target\classes started by Administrator in C:\Users\Administrator\BaseSpringBoot)
2020-08-09 15:35:25 INFO [org.springframework.boot.SpringApplication:651] No active profile set, falling back to default profiles: default
2020-08-09 15:36:01 INFO [org.apache.juli.logging.DirectJDKLog:173] Initializing ProtocolHandler ["http-nio-8080"]
2020-08-09 15:36:01 INFO [org.apache.juli.logging.DirectJDKLog:173] Starting service [Tomcat]
2020-08-09 15:36:01 INFO [org.apache.juli.logging.DirectJDKLog:173] Starting Servlet engine: [Apache Tomcat/9.0.35]
2020-08-09 15:36:01 INFO [org.apache.juli.logging.DirectJDKLog:173] Initializing Spring embedded WebApplicationContext
2020-08-09 15:36:02 INFO [org.apache.juli.logging.DirectJDKLog:173] Starting ProtocolHandler ["http-nio-8080"]
2020-08-09 15:36:02 INFO [org.springframework.boot.StartupInfoLogger:61] Started Runner in 37.895 seconds (JVM running for 39.236)
2020-08-09 15:36:04 INFO [org.apache.juli.logging.DirectJDKLog:173] Initializing Spring DispatcherServlet 'dispatcherServlet'
2020-08-09 15:38:28 INFO [org.springframework.boot.StartupInfoLogger:55] Starting Runner on DESKTOP-GFQK7UA with PID 17200 (C:\Users\Administrator\BaseSpringBoot\target\classes started by Administrator in C:\Users\Administrator\BaseSpringBoot)
2020-08-09 15:38:28 INFO [org.springframework.boot.SpringApplication:651] No active profile set, falling back to default profiles: default
2020-08-09 15:38:30 INFO [org.apache.juli.logging.DirectJDKLog:173] Initializing ProtocolHandler ["http-nio-8080"]
2020-08-09 15:38:30 INFO [org.apache.juli.logging.DirectJDKLog:173] Starting service [Tomcat]
2020-08-09 15:38:30 INFO [org.apache.juli.logging.DirectJDKLog:173] Starting Servlet engine: [Apache Tomcat/9.0.35]
2020-08-09 15:38:30 INFO [org.apache.juli.logging.DirectJDKLog:173] Initializing Spring embedded WebApplicationContext
2020-08-09 15:38:30 INFO [org.apache.juli.logging.DirectJDKLog:173] Stopping service [Tomcat]
2020-08-09 15:39:05 INFO [org.springframework.boot.StartupInfoLogger:55] Starting Runner on DESKTOP-GFQK7UA with PID 19308 (C:\Users\Administrator\BaseSpringBoot\target\classes started by Administrator in C:\Users\Administrator\BaseSpringBoot)
2020-08-09 15:39:05 INFO [org.springframework.boot.SpringApplication:651] No active profile set, falling back to default profiles: default
2020-08-09 15:39:06 INFO [org.apache.juli.logging.DirectJDKLog:173] Initializing ProtocolHandler ["http-nio-8080"]
2020-08-09 15:39:06 INFO [org.apache.juli.logging.DirectJDKLog:173] Starting service [Tomcat]
2020-08-09 15:39:06 INFO [org.apache.juli.logging.DirectJDKLog:173] Starting Servlet engine: [Apache Tomcat/9.0.35]
2020-08-09 15:39:06 INFO [org.apache.juli.logging.DirectJDKLog:173] Initializing Spring embedded WebApplicationContext
2020-08-09 15:39:06 INFO [org.apache.juli.logging.DirectJDKLog:173] Starting ProtocolHandler ["http-nio-8080"]
2020-08-09 15:39:06 INFO [org.springframework.boot.StartupInfoLogger:61] Started Runner in 2.134 seconds (JVM running for 2.991)
2020-08-09 15:39:31 INFO [org.springframework.boot.StartupInfoLogger:55] Starting Runner on DESKTOP-GFQK7UA with PID 16680 (C:\Users\Administrator\BaseSpringBoot\target\classes started by Administrator in C:\Users\Administrator\BaseSpringBoot)
2020-08-09 15:39:31 INFO [org.springframework.boot.SpringApplication:651] No active profile set, falling back to default profiles: default
2020-08-09 15:39:33 INFO [org.apache.juli.logging.DirectJDKLog:173] Initializing ProtocolHandler ["http-nio-8080"]
2020-08-09 15:39:33 INFO [org.apache.juli.logging.DirectJDKLog:173] Starting service [Tomcat]
2020-08-09 15:39:33 INFO [org.apache.juli.logging.DirectJDKLog:173] Starting Servlet engine: [Apache Tomcat/9.0.35]
2020-08-09 15:39:33 INFO [org.apache.juli.logging.DirectJDKLog:173] Initializing Spring embedded WebApplicationContext
2020-08-09 15:39:33 INFO [org.apache.juli.logging.DirectJDKLog:173] Starting ProtocolHandler ["http-nio-8080"]
2020-08-09 15:39:33 INFO [org.springframework.boot.StartupInfoLogger:61] Started Runner in 2.683 seconds (JVM running for 3.817)
2020-08-09 15:39:37 INFO [org.apache.juli.logging.DirectJDKLog:173] Initializing Spring DispatcherServlet 'dispatcherServlet'
2020-08-09 15:40:58 INFO [org.springframework.boot.StartupInfoLogger:55] Starting Runner on DESKTOP-GFQK7UA with PID 21876 (C:\Users\Administrator\BaseSpringBoot\target\classes started by Administrator in C:\Users\Administrator\BaseSpringBoot)
2020-08-09 15:40:58 INFO [org.springframework.boot.SpringApplication:651] No active profile set, falling back to default profiles: default
2020-08-09 15:41:00 INFO [org.apache.juli.logging.DirectJDKLog:173] Initializing ProtocolHandler ["http-nio-8080"]
2020-08-09 15:41:00 INFO [org.apache.juli.logging.DirectJDKLog:173] Starting service [Tomcat]
2020-08-09 15:41:00 INFO [org.apache.juli.logging.DirectJDKLog:173] Starting Servlet engine: [Apache Tomcat/9.0.35]
2020-08-09 15:41:00 INFO [org.apache.juli.logging.DirectJDKLog:173] Initializing Spring embedded WebApplicationContext
2020-08-09 15:41:00 INFO [org.apache.juli.logging.DirectJDKLog:173] Starting ProtocolHandler ["http-nio-8080"]
2020-08-09 15:41:00 INFO [org.springframework.boot.StartupInfoLogger:61] Started Runner in 2.491 seconds (JVM running for 3.66)
2020-08-09 15:41:04 INFO [org.apache.juli.logging.DirectJDKLog:173] Initializing Spring DispatcherServlet 'dispatcherServlet'
2020-08-09 15:42:16 INFO [org.springframework.boot.StartupInfoLogger:55] Starting Runner on DESKTOP-GFQK7UA with PID 12008 (C:\Users\Administrator\BaseSpringBoot\target\classes started by Administrator in C:\Users\Administrator\BaseSpringBoot)
2020-08-09 15:42:16 INFO [org.springframework.boot.SpringApplication:651] No active profile set, falling back to default profiles: default
2020-08-09 15:42:17 INFO [org.apache.juli.logging.DirectJDKLog:173] Initializing ProtocolHandler ["http-nio-8080"]
2020-08-09 15:42:17 INFO [org.apache.juli.logging.DirectJDKLog:173] Starting service [Tomcat]
2020-08-09 15:42:17 INFO [org.apache.juli.logging.DirectJDKLog:173] Starting Servlet engine: [Apache Tomcat/9.0.35]
2020-08-09 15:42:17 INFO [org.apache.juli.logging.DirectJDKLog:173] Initializing Spring embedded WebApplicationContext
2020-08-09 15:42:18 INFO [org.apache.juli.logging.DirectJDKLog:173] Starting ProtocolHandler ["http-nio-8080"]
2020-08-09 15:42:18 INFO [org.springframework.boot.StartupInfoLogger:61] Started Runner in 2.447 seconds (JVM running for 3.399)
2020-08-09 15:42:22 INFO [org.apache.juli.logging.DirectJDKLog:173] Initializing Spring DispatcherServlet 'dispatcherServlet'
2020-08-09 15:44:49 INFO [org.springframework.boot.StartupInfoLogger:55] Starting Runner on DESKTOP-GFQK7UA with PID 20956 (C:\Users\Administrator\BaseSpringBoot\target\classes started by Administrator in C:\Users\Administrator\BaseSpringBoot)
2020-08-09 15:44:49 INFO [org.springframework.boot.SpringApplication:651] No active profile set, falling back to default profiles: default
2020-08-09 15:44:50 INFO [org.apache.juli.logging.DirectJDKLog:173] Initializing ProtocolHandler ["http-nio-8080"]
2020-08-09 15:44:50 INFO [org.apache.juli.logging.DirectJDKLog:173] Starting service [Tomcat]
2020-08-09 15:44:50 INFO [org.apache.juli.logging.DirectJDKLog:173] Starting Servlet engine: [Apache Tomcat/9.0.35]
2020-08-09 15:44:50 INFO [org.apache.juli.logging.DirectJDKLog:173] Initializing Spring embedded WebApplicationContext
2020-08-09 15:44:51 INFO [org.apache.juli.logging.DirectJDKLog:173] Starting ProtocolHandler ["http-nio-8080"]
2020-08-09 15:44:51 INFO [org.springframework.boot.StartupInfoLogger:61] Started Runner in 2.778 seconds (JVM running for 4.623)
2020-08-09 15:44:55 INFO [org.apache.juli.logging.DirectJDKLog:173] Initializing Spring DispatcherServlet 'dispatcherServlet'
2020-08-09 15:46:06 INFO [org.springframework.boot.StartupInfoLogger:55] Starting Runner on DESKTOP-GFQK7UA with PID 16448 (C:\Users\Administrator\BaseSpringBoot\target\classes started by Administrator in C:\Users\Administrator\BaseSpringBoot)
2020-08-09 15:46:06 INFO [org.springframework.boot.SpringApplication:651] No active profile set, falling back to default profiles: default
2020-08-09 15:46:07 INFO [org.apache.juli.logging.DirectJDKLog:173] Initializing ProtocolHandler ["http-nio-8080"]
2020-08-09 15:46:07 INFO [org.apache.juli.logging.DirectJDKLog:173] Starting service [Tomcat]
2020-08-09 15:46:07 INFO [org.apache.juli.logging.DirectJDKLog:173] Starting Servlet engine: [Apache Tomcat/9.0.35]
2020-08-09 15:46:07 INFO [org.apache.juli.logging.DirectJDKLog:173] Initializing Spring embedded WebApplicationContext
2020-08-09 15:46:07 INFO [org.apache.juli.logging.DirectJDKLog:173] Stopping service [Tomcat]
2020-08-09 15:46:45 INFO [org.springframework.boot.StartupInfoLogger:55] Starting Runner on DESKTOP-GFQK7UA with PID 2340 (C:\Users\Administrator\BaseSpringBoot\target\classes started by Administrator in C:\Users\Administrator\BaseSpringBoot)
2020-08-09 15:46:45 INFO [org.springframework.boot.SpringApplication:651] No active profile set, falling back to default profiles: default
2020-08-09 15:46:46 INFO [org.apache.juli.logging.DirectJDKLog:173] Initializing ProtocolHandler ["http-nio-8080"]
2020-08-09 15:46:46 INFO [org.apache.juli.logging.DirectJDKLog:173] Starting service [Tomcat]
2020-08-09 15:46:46 INFO [org.apache.juli.logging.DirectJDKLog:173] Starting Servlet engine: [Apache Tomcat/9.0.35]
2020-08-09 15:46:46 INFO [org.apache.juli.logging.DirectJDKLog:173] Initializing Spring embedded WebApplicationContext
2020-08-09 15:46:47 INFO [org.apache.juli.logging.DirectJDKLog:173] Starting ProtocolHandler ["http-nio-8080"]
2020-08-09 15:46:47 INFO [org.springframework.boot.StartupInfoLogger:61] Started Runner in 2.605 seconds (JVM running for 3.817)
2020-08-09 15:46:51 INFO [org.apache.juli.logging.DirectJDKLog:173] Initializing Spring DispatcherServlet 'dispatcherServlet'
2020-08-09 15:47:12 INFO [org.springframework.boot.StartupInfoLogger:55] Starting Runner on DESKTOP-GFQK7UA with PID 5008 (C:\Users\Administrator\BaseSpringBoot\target\classes started by Administrator in C:\Users\Administrator\BaseSpringBoot)
2020-08-09 15:47:12 INFO [org.springframework.boot.SpringApplication:651] No active profile set, falling back to default profiles: default
2020-08-09 15:47:13 INFO [org.apache.juli.logging.DirectJDKLog:173] Initializing ProtocolHandler ["http-nio-8080"]
2020-08-09 15:47:13 INFO [org.apache.juli.logging.DirectJDKLog:173] Starting service [Tomcat]
2020-08-09 15:47:13 INFO [org.apache.juli.logging.DirectJDKLog:173] Starting Servlet engine: [Apache Tomcat/9.0.35]
2020-08-09 15:47:13 INFO [org.apache.juli.logging.DirectJDKLog:173] Initializing Spring embedded WebApplicationContext
2020-08-09 15:47:13 INFO [org.apache.juli.logging.DirectJDKLog:173] Starting ProtocolHandler ["http-nio-8080"]
2020-08-09 15:47:13 INFO [org.springframework.boot.StartupInfoLogger:61] Started Runner in 2.506 seconds (JVM running for 3.763)
2020-08-09 15:47:17 INFO [org.apache.juli.logging.DirectJDKLog:173] Initializing Spring DispatcherServlet 'dispatcherServlet'
2020-08-09 15:47:33 INFO [org.springframework.boot.StartupInfoLogger:55] Starting Runner on DESKTOP-GFQK7UA with PID 11644 (C:\Users\Administrator\BaseSpringBoot\target\classes started by Administrator in C:\Users\Administrator\BaseSpringBoot)
2020-08-09 15:47:33 INFO [org.springframework.boot.SpringApplication:651] No active profile set, falling back to default profiles: default
2020-08-09 15:47:34 INFO [org.apache.juli.logging.DirectJDKLog:173] Initializing ProtocolHandler ["http-nio-8080"]
2020-08-09 15:47:34 INFO [org.apache.juli.logging.DirectJDKLog:173] Starting service [Tomcat]
2020-08-09 15:47:34 INFO [org.apache.juli.logging.DirectJDKLog:173] Starting Servlet engine: [Apache Tomcat/9.0.35]
2020-08-09 15:47:34 INFO [org.apache.juli.logging.DirectJDKLog:173] Initializing Spring embedded WebApplicationContext
2020-08-09 15:47:35 INFO [org.apache.juli.logging.DirectJDKLog:173] Starting ProtocolHandler ["http-nio-8080"]
2020-08-09 15:47:35 INFO [org.springframework.boot.StartupInfoLogger:61] Started Runner in 2.516 seconds (JVM running for 3.637)
2020-08-09 15:48:55 INFO [org.springframework.boot.StartupInfoLogger:55] Starting Runner on DESKTOP-GFQK7UA with PID 7412 (C:\Users\Administrator\BaseSpringBoot\target\classes started by Administrator in C:\Users\Administrator\BaseSpringBoot)
2020-08-09 15:48:55 INFO [org.springframework.boot.SpringApplication:651] No active profile set, falling back to default profiles: default
2020-08-09 15:48:57 INFO [org.apache.juli.logging.DirectJDKLog:173] Initializing ProtocolHandler ["http-nio-8080"]
2020-08-09 15:48:57 INFO [org.apache.juli.logging.DirectJDKLog:173] Starting service [Tomcat]
2020-08-09 15:48:57 INFO [org.apache.juli.logging.DirectJDKLog:173] Starting Servlet engine: [Apache Tomcat/9.0.35]
2020-08-09 15:48:57 INFO [org.apache.juli.logging.DirectJDKLog:173] Initializing Spring embedded WebApplicationContext
2020-08-09 15:48:57 INFO [org.apache.juli.logging.DirectJDKLog:173] Starting ProtocolHandler ["http-nio-8080"]
2020-08-09 15:48:57 INFO [org.springframework.boot.StartupInfoLogger:61] Started Runner in 2.852 seconds (JVM running for 4.597)
2020-08-09 15:49:03 INFO [org.apache.juli.logging.DirectJDKLog:173] Initializing Spring DispatcherServlet 'dispatcherServlet'
2020-08-09 15:49:24 INFO [org.springframework.boot.StartupInfoLogger:55] Starting Runner on DESKTOP-GFQK7UA with PID 16984 (C:\Users\Administrator\BaseSpringBoot\target\classes started by Administrator in C:\Users\Administrator\BaseSpringBoot)
2020-08-09 15:49:24 INFO [org.springframework.boot.SpringApplication:651] No active profile set, falling back to default profiles: default
2020-08-09 15:49:26 INFO [org.apache.juli.logging.DirectJDKLog:173] Initializing ProtocolHandler ["http-nio-8080"]
2020-08-09 15:49:26 INFO [org.apache.juli.logging.DirectJDKLog:173] Starting service [Tomcat]
2020-08-09 15:49:26 INFO [org.apache.juli.logging.DirectJDKLog:173] Starting Servlet engine: [Apache Tomcat/9.0.35]
2020-08-09 15:49:26 INFO [org.apache.juli.logging.DirectJDKLog:173] Initializing Spring embedded WebApplicationContext
2020-08-09 15:49:26 INFO [org.apache.juli.logging.DirectJDKLog:173] Starting ProtocolHandler ["http-nio-8080"]
2020-08-09 15:49:26 INFO [org.springframework.boot.StartupInfoLogger:61] Started Runner in 2.426 seconds (JVM running for 3.621)
2020-08-09 15:49:30 INFO [org.apache.juli.logging.DirectJDKLog:173] Initializing Spring DispatcherServlet 'dispatcherServlet'
2020-08-09 21:36:27 INFO [org.springframework.boot.StartupInfoLogger:55] Starting Run on DESKTOP-GFQK7UA with PID 16556 (D:\Code\param-validate\target\classes started by Administrator in D:\Code\param-validate)
2020-08-09 21:36:27 INFO [org.springframework.boot.SpringApplication:651] No active profile set, falling back to default profiles: default
2020-08-09 21:36:28 INFO [org.apache.juli.logging.DirectJDKLog:173] Initializing ProtocolHandler ["http-nio-8080"]
2020-08-09 21:36:28 INFO [org.apache.juli.logging.DirectJDKLog:173] Starting service [Tomcat]
2020-08-09 21:36:28 INFO [org.apache.juli.logging.DirectJDKLog:173] Starting Servlet engine: [Apache Tomcat/9.0.35]
2020-08-09 21:36:28 INFO [org.apache.juli.logging.DirectJDKLog:173] Initializing Spring embedded WebApplicationContext
2020-08-09 21:36:29 INFO [org.apache.juli.logging.DirectJDKLog:173] Starting ProtocolHandler ["http-nio-8080"]
2020-08-09 21:36:29 INFO [org.springframework.boot.StartupInfoLogger:61] Started Run in 2.843 seconds (JVM running for 4.461)
2020-08-09 21:37:06 INFO [org.apache.juli.logging.DirectJDKLog:173] Initializing Spring DispatcherServlet 'dispatcherServlet'
2020-08-09 21:37:57 INFO [org.springframework.boot.StartupInfoLogger:55] Starting Run on DESKTOP-GFQK7UA with PID 23284 (D:\Code\param-validate\target\classes started by Administrator in D:\Code\param-validate)
2020-08-09 21:37:57 INFO [org.springframework.boot.SpringApplication:651] No active profile set, falling back to default profiles: default
